** This is TeX--XeT  **, Version 3.141--1.1  (preloaded format=lplain 93.11.25)  12 MAR 1995 06:14
**&lplain

*CCCC
LaTeX error.  See LaTeX manual for explanation.
              Type  H <return>  for immediate help.
! Missing \begin{document}.
\@latexerr ...for immediate help.}\errmessage {#1}
                                                  
<to be read again> 
                   C
<*> C
     CCC
? X
 
Here is how much of TeX's memory you used:
 2 strings out of 1966
 34 string characters out of 17997
 23431 words of memory out of 65535
 1981 multiletter control sequences out of 3000
 18996 words of font info for 72 fonts, out of 65534 for 200
 14 hyphenation exceptions out of 307
 6i,0n,3p,9b,7s stack positions out of 200i,40n,60p,4096b,1000s
No pages of output.
There were 1455 acesses to 90 mem, 75 font, and 24 hyph pages
