** This is TeX--XeT  **, Version 3.141--1.1  (preloaded format=flplain 94.4.9)  16 JUL 1999 14:40
**&flplain sample1.tex
(sample1.tex
LaTeX Ver. 2.09 <25/3/1992> Farsi Ver. 1.03 Copyright (C) Riazi-Negar 1993
(C:\TEXXET\INPUTS\MxqaLXh.sty (C:\TEXXET\INPUTS\article.sty
Standard Document Style `article' <14 Jan 92>.
(C:\TEXXET\INPUTS\art12.sty)
\c@part=\count79
\c@section=\count80
\c@subsection=\count81
\c@subsubsection=\count82
\c@paragraph=\count83
\c@subparagraph=\count84
\c@figure=\count85
\c@table=\count86
)) (sample1.aux) [1

] (sample1.aux) ) 
Here is how much of TeX's memory you used:
 130 strings out of 1663
 1262 string characters out of 15471
 31798 words of memory out of 65535
 2393 multiletter control sequences out of 3000
 28809 words of font info for 88 fonts, out of 65534 for 200
 14 hyphenation exceptions out of 307
 13i,4n,17p,174b,135s stack positions out of 200i,40n,60p,4096b,1000s

Output written on sample1.dvi (1 page, 2652 bytes).
There were 211 swappings between 117 real and 211 external pages for
 87629 acesses to 125 mem, 113 font, and 24 hyph pages
