** This is TeX--XeT  **, Version 3.141--1.1  (preloaded format=flplain 94.4.9)  14 OCT 1996 13:28
**&flplain sample2.tex
(sample2.tex
LaTeX Ver. 2.09 <25/3/1992> Farsi Ver. 1.03 Copyright (C) Riazi-Negar 1993
(C:\TEXXET\INPUTS\NaMXh.sty (C:\TEXXET\INPUTS\letter.sty
Standard Document Style `letter' <25 Mar 92>.
\longindentation=\dimen100
\indentedwidth=\dimen101
\labelcount=\count79
)) [1

] ) 
Here is how much of TeX's memory you used:
 90 strings out of 1663
 808 string characters out of 15471
 31119 words of memory out of 65535
 2362 multiletter control sequences out of 3000
 27763 words of font info for 87 fonts, out of 65534 for 200
 14 hyphenation exceptions out of 307
 12i,5n,10p,138b,114s stack positions out of 200i,40n,60p,4096b,1000s

Output written on sample2.dvi (1 page, 2376 bytes).
There were 83 swappings between 202 real and 83 external pages for
 65095 acesses to 121 mem, 109 font, and 24 hyph pages
